C:/Users/GAMER/Desktop/Umbrella/BuildSystem/common/Path/path.cpp:15: warning: documented symbol `Path::Path' was not declared or defined.
C:/Users/GAMER/Desktop/Umbrella/BuildSystem/common/Path/path.cpp:16: warning: documented symbol `Path::Path' was not declared or defined.
C:/Users/GAMER/Desktop/Umbrella/BuildSystem/common/Path/path.cpp:21: warning: documented symbol `Path::Path' was not declared or defined.
C:/Users/GAMER/Desktop/Umbrella/BuildSystem/common/Path/path.cpp:24: warning: documented symbol `Path Path::GetParent' was not declared or defined.
C:/Users/GAMER/Desktop/Umbrella/BuildSystem/common/Path/path.cpp:31: warning: documented symbol `Path::Path' was not declared or defined.
C:/Users/GAMER/Desktop/Umbrella/BuildSystem/common/Path/path.cpp:32: warning: documented symbol `string Path::GetExtention' was not declared or defined.
C:/Users/GAMER/Desktop/Umbrella/BuildSystem/common/Path/path.cpp:43: warning: documented symbol `void Path::Reset' was not declared or defined.
C:/Users/GAMER/Desktop/Umbrella/BuildSystem/common/Path/path.cpp:48: warning: documented symbol `void Path::DeepCopy' was not declared or defined.
C:/Users/GAMER/Desktop/Umbrella/BuildSystem/common/Path/path.cpp:68: warning: documented symbol `Path * Path::Concat' was not declared or defined.
C:/Users/GAMER/Desktop/Umbrella/BuildSystem/common/Path/path.cpp:72: warning: documented symbol `bool Path::ChDir' was not declared or defined.
C:/Users/GAMER/Desktop/Umbrella/BuildSystem/common/Path/path.cpp:76: warning: documented symbol `Path Path::CurrentDir' was not declared or defined.
C:/Users/GAMER/Desktop/Umbrella/BuildSystem/common/Path/path.cpp:87: warning: documented symbol `bool Path::MakeRelative' was not declared or defined.
C:/Users/GAMER/Desktop/Umbrella/BuildSystem/common/Path/path.cpp:118: warning: documented symbol `Path Path::Create' was not declared or defined.
C:/Users/GAMER/Desktop/Umbrella/BuildSystem/common/Path/path.cpp:122: warning: documented symbol `bool Path::MakeDir' was not declared or defined.
C:/Users/GAMER/Desktop/Umbrella/BuildSystem/common/Path/path.cpp:152: warning: documented symbol `bool Path::CopyFile' was not declared or defined.
C:/Users/GAMER/Desktop/Umbrella/BuildSystem/common/Path/path.cpp:161: warning: documented symbol `bool Path::IsFolder' was not declared or defined.
C:/Users/GAMER/Desktop/Umbrella/BuildSystem/common/Path/path.cpp:171: warning: documented symbol `bool Path::IsFile' was not declared or defined.
C:/Users/GAMER/Desktop/Umbrella/BuildSystem/common/Path/path.cpp:178: warning: documented symbol `Path Path::operator+' was not declared or defined.
C:/Users/GAMER/Desktop/Umbrella/BuildSystem/common/Path/path.cpp:183: warning: documented symbol `Path Path::operator+' was not declared or defined.
C:/Users/GAMER/Desktop/Umbrella/BuildSystem/common/Path/path.cpp:188: warning: documented symbol `Path Path::operator=' was not declared or defined.
C:/Users/GAMER/Desktop/Umbrella/BuildSystem/common/Path/path.cpp:195: warning: documented symbol `const char * Path::ToStr' was not declared or defined.
C:/Users/GAMER/Desktop/Umbrella/BuildSystem/common/Path/path.cpp:200: warning: documented symbol `const char * Path::ToStrAntislash' was not declared or defined.
C:/Users/GAMER/Desktop/Umbrella/BuildSystem/common/Path/path.cpp:207: warning: documented symbol `Path Path::operator+' was not declared or defined.
C:/Users/GAMER/Desktop/Umbrella/BuildSystem/common/Path/path.cpp:217: warning: documented symbol `string Path::ToString' was not declared or defined.
C:/Users/GAMER/Desktop/Umbrella/BuildSystem/common/Path/path.cpp:232: warning: documented symbol `const char * Path::StringCopy' was not declared or defined.
C:/Users/GAMER/Desktop/Umbrella/BuildSystem/common/Path/path.cpp:239: warning: documented symbol `void Path::DropOne' was not declared or defined.
C:/Users/GAMER/Desktop/Umbrella/BuildSystem/common/Path/path.cpp:243: warning: documented symbol `const char * Path::ConcatStrPath2Str' was not declared or defined.
C:/Users/GAMER/Desktop/Umbrella/BuildSystem/common/Path/path.cpp:247: warning: documented symbol `bool Path::operator==' was not declared or defined.
C:/Users/GAMER/Desktop/Umbrella/BuildSystem/common/Path/path.cpp:256: warning: documented symbol `bool Path::StrPathCompare' was not declared or defined.
C:/Users/GAMER/Desktop/Umbrella/BuildSystem/common/Path/path.cpp:260: warning: documented symbol `bool Path::IsFullPath' was not declared or defined.
C:/Users/GAMER/Desktop/Umbrella/BuildSystem/common/Path/path.cpp:270: warning: documented symbol `bool Path::DecomposeStringPath' was not declared or defined.
C:/Users/GAMER/Desktop/Umbrella/BuildSystem/common/Path/path.cpp:319: warning: documented symbol `unsigned int Path::GetComponentCount' was not declared or defined.
C:/Users/GAMER/Desktop/Umbrella/BuildSystem/common/Path/path.cpp:323: warning: documented symbol `std::string Path::GetComponent' was not declared or defined.
C:/Users/GAMER/Desktop/Umbrella/BuildSystem/common/Path/path.cpp:328: warning: documented symbol `void Path::ReplaceComponent' was not declared or defined.
C:/Users/GAMER/Desktop/Umbrella/BuildSystem/common/Path/path.cpp:332: warning: documented symbol `Path::operator const char *' was not declared or defined.
C:/Users/GAMER/Desktop/Umbrella/BuildSystem/common/Path/path.cpp:337: warning: documented symbol `void Path::UpdateBuffer' was not declared or defined.
C:/Users/GAMER/Desktop/Umbrella/BuildSystem/common/Path/path.cpp:341: warning: documented symbol `void Path::AppendComponent' was not declared or defined.
C:/Users/GAMER/Desktop/Umbrella/BuildSystem/common/Path/path.cpp:349: warning: documented symbol `std::time_t Path::GetLastModificationTime' was not declared or defined.
C:/Users/GAMER/Desktop/Umbrella/BuildSystem/common/Path/path.cpp:357: warning: documented symbol `void Path::SetExtention' was not declared or defined.
C:/Users/GAMER/Desktop/Umbrella/BuildSystem/common/Path/path.cpp:370: warning: documented symbol `std::string Path::GetFileName' was not declared or defined.
C:/Users/GAMER/Desktop/Umbrella/BuildSystem/common/Path/path.cpp:377: warning: documented symbol `bool Path::CreateSymLink' was not declared or defined.
C:/Users/GAMER/Desktop/Umbrella/BuildSystem/common/Path/path.cpp:383: warning: documented symbol `Path Path::AsFullPath' was not declared or defined.
C:/Users/GAMER/Desktop/Umbrella/BuildSystem/common/Path/path.cpp:388: warning: documented symbol `bool Path::Exists' was not declared or defined.
C:/Users/GAMER/Desktop/Umbrella/BuildSystem/common/Path/path.cpp:392: warning: documented symbol `void Path::PushPath' was not declared or defined.
C:/Users/GAMER/Desktop/Umbrella/BuildSystem/common/Path/path.cpp:397: warning: documented symbol `void Path::PopPath' was not declared or defined.
C:/Users/GAMER/Desktop/Umbrella/BuildSystem/common/Path/path.cpp:406: warning: documented symbol `void Path::Resolve' was not declared or defined.
C:/Users/GAMER/Desktop/Umbrella/BuildSystem/common/Path/path.cpp:421: warning: documented symbol `std::vector< Path > Path::Browse' was not declared or defined.
C:/Users/GAMER/Desktop/Umbrella/BuildSystem/common/Path/path.cpp:438: warning: documented symbol `std::vector< Path > Path::BrowseRelative' was not declared or defined.
C:/Users/GAMER/Desktop/Umbrella/BuildSystem/common/Path/path.cpp:452: warning: documented symbol `bool Path::MakeIfDoesntExit' was not declared or defined.
C:/Users/GAMER/Desktop/Umbrella/BuildSystem/common/Path/path.cpp:461: warning: documented symbol `void Path::Delete' was not declared or defined.
C:/Users/GAMER/Desktop/Umbrella/BuildSystem/common/Path/path.cpp:466: warning: documented symbol `void Path::AddStrPath' was not declared or defined.
C:/Users/GAMER/Desktop/Umbrella/BuildSystem/common/Path/path.cpp:470: warning: documented symbol `const char * Path::ReturnCString' was not declared or defined.
C:/Users/GAMER/Desktop/Umbrella/BuildSystem/common/Path/path.cpp:475: warning: documented symbol `const char * Path::ResolvePath' was not declared or defined.
C:/Users/GAMER/Desktop/Umbrella/BuildSystem/common/Path/path.cpp:499: warning: documented symbol `std::vector< Path > Path::GetSystemPaths' was not declared or defined.
C:/Users/GAMER/Desktop/Umbrella/BuildSystem/common/Path/path.cpp:548: warning: documented symbol `std::vector< Path > Path::CurrentPathStack' was not declared or defined.
C:/Users/GAMER/Desktop/Umbrella/BuildSystem/common/Path/path.cpp:549: warning: documented symbol `std::string Path::CStringReturnBuffer' was not declared or defined.
C:/Users/GAMER/Desktop/Umbrella/BuildSystem/miracle/main.cpp:363: warning: unexpected token in comment block while parsing the argument of command param
